<?xml version="1.0" encoding="UTF-8"?>
<!-- Generated by org.testng.reporters.JUnitReportReporter -->
<testsuite hostname="DESKTOP-3IU1GUE" failures="0" tests="1" name="com.pratice.restAssured.DempPOSTThroughMap" time="5.565" errors="0" timestamp="2021-07-25T16:46:02 IST" skipped="0">
  <testcase classname="com.pratice.restAssured.DempPOSTThroughMap" name="checkPostMap" time="5.565"/>
  <system-out/>
</testsuite> <!-- com.pratice.restAssured.DempPOSTThroughMap -->
