<?xml version="1.0" encoding="UTF-8"?>
<!-- Generated by org.testng.reporters.JUnitReportReporter -->
<testsuite hostname="DESKTOP-3IU1GUE" failures="0" tests="1" name="com.pratice.restAssured.DemoDELETErequest" time="4.342" errors="0" timestamp="2021-07-25T16:12:11 IST" skipped="0">
  <testcase classname="com.pratice.restAssured.DemoDELETErequest" name="checkDelete" time="4.342"/>
  <system-out/>
</testsuite> <!-- com.pratice.restAssured.DemoDELETErequest -->
